<?xml version="1.0" encoding="UTF-8" ?>
<testsuites>
  <testsuite errors="0" failures="0" hostname="csr03.cs.skidmore.edu" id="0" name="FibonacciSequenceGeneratorTest" package="edu.skidmore.cs376b.example.test" skipped="0" tests="8" time="0.263" timestamp="2016-10-06T15:41:47">
      <properties>
[...]
</properties>

      <testcase classname="edu.skidmore.cs376b.example.test.FibonacciSequenceGeneratorTest" name="fibonacciRecursive0" time="0.035" />

      <testcase classname="edu.skidmore.cs376b.example.test.FibonacciSequenceGeneratorTest" name="fibonacciRecursive1" time="0.0" />

      <testcase classname="edu.skidmore.cs376b.example.test.FibonacciSequenceGeneratorTest" name="fibonacciRecursive6" time="0.009" />

      <testcase classname="edu.skidmore.cs376b.example.test.FibonacciSequenceGeneratorTest" name="fibonacciRecursiveNegative" time="0.007" />

      <testcase classname="edu.skidmore.cs376b.example.test.FibonacciSequenceGeneratorTest" name="fibonacciIterative0" time="0.0" />

      <testcase classname="edu.skidmore.cs376b.example.test.FibonacciSequenceGeneratorTest" name="fibonacciIterative1" time="0.0" />

      <testcase classname="edu.skidmore.cs376b.example.test.FibonacciSequenceGeneratorTest" name="fibonacciIterative6" time="0.0" />

      <testcase classname="edu.skidmore.cs376b.example.test.FibonacciSequenceGeneratorTest" name="fibonacciIterativeNegative" time="0.0" />

      <system-out><![CDATA[log4j: Trying to find [log4j.xml] using context classloader sun.misc.Launcher$AppClassLoader@6ff3c5b5.
log4j: Trying to find [log4j.xml] using sun.misc.Launcher$AppClassLoader@6ff3c5b5 class loader.
log4j: Trying to find [log4j.xml] using ClassLoader.getSystemResource().
log4j: Trying to find [log4j.properties] using context classloader sun.misc.Launcher$AppClassLoader@6ff3c5b5.
log4j: Using URL [file:/students/home/jstekete/My_Files/workspace/Cs376bJunitDemoApp/test-bin/log4j.properties] for automatic log4j configuration.
log4j: Reading configuration from URL file:/students/home/jstekete/My_Files/workspace/Cs376bJunitDemoApp/test-bin/log4j.properties
log4j: Parsing for [root] with value=[debug, applogfile, stdout].
log4j: Level token is [debug].
log4j: Category root set to DEBUG
log4j: Parsing appender named "applogfile".
log4j: Parsing layout options for "applogfile".
log4j: Setting property [conversionPattern] to [%d [%c] (%F:%L) %-5p - %m%n].
log4j: End of parsing for "applogfile".
log4j: Setting property [maxBackupIndex] to [3].
log4j: Setting property [file] to [JunitDemo.log].
log4j: Setting property [maxFileSize] to [1MB].
log4j: setFile called: JunitDemo.log, true
log4j: setFile ended
log4j: Parsed "applogfile" options.
log4j: Parsing appender named "stdout".
log4j: Parsing layout options for "stdout".
log4j: Setting property [conversionPattern] to [%d [%c] [%t] (%F:%L) %-5p %c %x - %m%n].
log4j: End of parsing for "stdout".
log4j: Parsed "stdout" options.
log4j: Finished configuring.
2016-10-06 11:41:47,264 [edu.skidmore.cs376b.example.FibonacciSequenceGenerator] [main] (FibonacciSequenceGenerator.java:32) DEBUG edu.skidmore.cs376b.example.FibonacciSequenceGenerator  - Recursive call for position: 0
2016-10-06 11:41:47,267 [edu.skidmore.cs376b.example.FibonacciSequenceGenerator] [main] (FibonacciSequenceGenerator.java:52) DEBUG edu.skidmore.cs376b.example.FibonacciSequenceGenerator  - Recursive call for position: 0 returning value 0
2016-10-06 11:41:47,285 [edu.skidmore.cs376b.example.FibonacciSequenceGenerator] [main] (FibonacciSequenceGenerator.java:32) DEBUG edu.skidmore.cs376b.example.FibonacciSequenceGenerator  - Recursive call for position: 1
2016-10-06 11:41:47,285 [edu.skidmore.cs376b.example.FibonacciSequenceGenerator] [main] (FibonacciSequenceGenerator.java:52) DEBUG edu.skidmore.cs376b.example.FibonacciSequenceGenerator  - Recursive call for position: 1 returning value 1
2016-10-06 11:41:47,305 [edu.skidmore.cs376b.example.FibonacciSequenceGenerator] [main] (FibonacciSequenceGenerator.java:32) DEBUG edu.skidmore.cs376b.example.FibonacciSequenceGenerator  - Recursive call for position: 6
2016-10-06 11:41:47,305 [edu.skidmore.cs376b.example.FibonacciSequenceGenerator] [main] (FibonacciSequenceGenerator.java:32) DEBUG edu.skidmore.cs376b.example.FibonacciSequenceGenerator  - Recursive call for position: 5
2016-10-06 11:41:47,305 [edu.skidmore.cs376b.example.FibonacciSequenceGenerator] [main] (FibonacciSequenceGenerator.java:32) DEBUG edu.skidmore.cs376b.example.FibonacciSequenceGenerator  - Recursive call for position: 4
2016-10-06 11:41:47,305 [edu.skidmore.cs376b.example.FibonacciSequenceGenerator] [main] (FibonacciSequenceGenerator.java:32) DEBUG edu.skidmore.cs376b.example.FibonacciSequenceGenerator  - Recursive call for position: 3
2016-10-06 11:41:47,306 [edu.skidmore.cs376b.example.FibonacciSequenceGenerator] [main] (FibonacciSequenceGenerator.java:32) DEBUG edu.skidmore.cs376b.example.FibonacciSequenceGenerator  - Recursive call for position: 2
2016-10-06 11:41:47,306 [edu.skidmore.cs376b.example.FibonacciSequenceGenerator] [main] (FibonacciSequenceGenerator.java:32) DEBUG edu.skidmore.cs376b.example.FibonacciSequenceGenerator  - Recursive call for position: 1
2016-10-06 11:41:47,306 [edu.skidmore.cs376b.example.FibonacciSequenceGenerator] [main] (FibonacciSequenceGenerator.java:52) DEBUG edu.skidmore.cs376b.example.FibonacciSequenceGenerator  - Recursive call for position: 1 returning value 1
2016-10-06 11:41:47,306 [edu.skidmore.cs376b.example.FibonacciSequenceGenerator] [main] (FibonacciSequenceGenerator.java:32) DEBUG edu.skidmore.cs376b.example.FibonacciSequenceGenerator  - Recursive call for position: 0
2016-10-06 11:41:47,306 [edu.skidmore.cs376b.example.FibonacciSequenceGenerator] [main] (FibonacciSequenceGenerator.java:52) DEBUG edu.skidmore.cs376b.example.FibonacciSequenceGenerator  - Recursive call for position: 0 returning value 0
2016-10-06 11:41:47,306 [edu.skidmore.cs376b.example.FibonacciSequenceGenerator] [main] (FibonacciSequenceGenerator.java:52) DEBUG edu.skidmore.cs376b.example.FibonacciSequenceGenerator  - Recursive call for position: 2 returning value 1
2016-10-06 11:41:47,306 [edu.skidmore.cs376b.example.FibonacciSequenceGenerator] [main] (FibonacciSequenceGenerator.java:32) DEBUG edu.skidmore.cs376b.example.FibonacciSequenceGenerator  - Recursive call for position: 1
2016-10-06 11:41:47,307 [edu.skidmore.cs376b.example.FibonacciSequenceGenerator] [main] (FibonacciSequenceGenerator.java:52) DEBUG edu.skidmore.cs376b.example.FibonacciSequenceGenerator  - Recursive call for position: 1 returning value 1
2016-10-06 11:41:47,308 [edu.skidmore.cs376b.example.FibonacciSequenceGenerator] [main] (FibonacciSequenceGenerator.java:52) DEBUG edu.skidmore.cs376b.example.FibonacciSequenceGenerator  - Recursive call for position: 3 returning value 2
2016-10-06 11:41:47,308 [edu.skidmore.cs376b.example.FibonacciSequenceGenerator] [main] (FibonacciSequenceGenerator.java:32) DEBUG edu.skidmore.cs376b.example.FibonacciSequenceGenerator  - Recursive call for position: 2
2016-10-06 11:41:47,309 [edu.skidmore.cs376b.example.FibonacciSequenceGenerator] [main] (FibonacciSequenceGenerator.java:32) DEBUG edu.skidmore.cs376b.example.FibonacciSequenceGenerator  - Recursive call for position: 1
2016-10-06 11:41:47,309 [edu.skidmore.cs376b.example.FibonacciSequenceGenerator] [main] (FibonacciSequenceGenerator.java:52) DEBUG edu.skidmore.cs376b.example.FibonacciSequenceGenerator  - Recursive call for position: 1 returning value 1
2016-10-06 11:41:47,309 [edu.skidmore.cs376b.example.FibonacciSequenceGenerator] [main] (FibonacciSequenceGenerator.java:32) DEBUG edu.skidmore.cs376b.example.FibonacciSequenceGenerator  - Recursive call for position: 0
2016-10-06 11:41:47,309 [edu.skidmore.cs376b.example.FibonacciSequenceGenerator] [main] (FibonacciSequenceGenerator.java:52) DEBUG edu.skidmore.cs376b.example.FibonacciSequenceGenerator  - Recursive call for position: 0 returning value 0
2016-10-06 11:41:47,309 [edu.skidmore.cs376b.example.FibonacciSequenceGenerator] [main] (FibonacciSequenceGenerator.java:52) DEBUG edu.skidmore.cs376b.example.FibonacciSequenceGenerator  - Recursive call for position: 2 returning value 1
2016-10-06 11:41:47,309 [edu.skidmore.cs376b.example.FibonacciSequenceGenerator] [main] (FibonacciSequenceGenerator.java:52) DEBUG edu.skidmore.cs376b.example.FibonacciSequenceGenerator  - Recursive call for position: 4 returning value 3
2016-10-06 11:41:47,309 [edu.skidmore.cs376b.example.FibonacciSequenceGenerator] [main] (FibonacciSequenceGenerator.java:32) DEBUG edu.skidmore.cs376b.example.FibonacciSequenceGenerator  - Recursive call for position: 3
2016-10-06 11:41:47,310 [edu.skidmore.cs376b.example.FibonacciSequenceGenerator] [main] (FibonacciSequenceGenerator.java:32) DEBUG edu.skidmore.cs376b.example.FibonacciSequenceGenerator  - Recursive call for position: 2
2016-10-06 11:41:47,310 [edu.skidmore.cs376b.example.FibonacciSequenceGenerator] [main] (FibonacciSequenceGenerator.java:32) DEBUG edu.skidmore.cs376b.example.FibonacciSequenceGenerator  - Recursive call for position: 1
2016-10-06 11:41:47,310 [edu.skidmore.cs376b.example.FibonacciSequenceGenerator] [main] (FibonacciSequenceGenerator.java:52) DEBUG edu.skidmore.cs376b.example.FibonacciSequenceGenerator  - Recursive call for position: 1 returning value 1
2016-10-06 11:41:47,310 [edu.skidmore.cs376b.example.FibonacciSequenceGenerator] [main] (FibonacciSequenceGenerator.java:32) DEBUG edu.skidmore.cs376b.example.FibonacciSequenceGenerator  - Recursive call for position: 0
2016-10-06 11:41:47,310 [edu.skidmore.cs376b.example.FibonacciSequenceGenerator] [main] (FibonacciSequenceGenerator.java:52) DEBUG edu.skidmore.cs376b.example.FibonacciSequenceGenerator  - Recursive call for position: 0 returning value 0
2016-10-06 11:41:47,310 [edu.skidmore.cs376b.example.FibonacciSequenceGenerator] [main] (FibonacciSequenceGenerator.java:52) DEBUG edu.skidmore.cs376b.example.FibonacciSequenceGenerator  - Recursive call for position: 2 returning value 1
2016-10-06 11:41:47,310 [edu.skidmore.cs376b.example.FibonacciSequenceGenerator] [main] (FibonacciSequenceGenerator.java:32) DEBUG edu.skidmore.cs376b.example.FibonacciSequenceGenerator  - Recursive call for position: 1
2016-10-06 11:41:47,311 [edu.skidmore.cs376b.example.FibonacciSequenceGenerator] [main] (FibonacciSequenceGenerator.java:52) DEBUG edu.skidmore.cs376b.example.FibonacciSequenceGenerator  - Recursive call for position: 1 returning value 1
2016-10-06 11:41:47,311 [edu.skidmore.cs376b.example.FibonacciSequenceGenerator] [main] (FibonacciSequenceGenerator.java:52) DEBUG edu.skidmore.cs376b.example.FibonacciSequenceGenerator  - Recursive call for position: 3 returning value 2
2016-10-06 11:41:47,311 [edu.skidmore.cs376b.example.FibonacciSequenceGenerator] [main] (FibonacciSequenceGenerator.java:52) DEBUG edu.skidmore.cs376b.example.FibonacciSequenceGenerator  - Recursive call for position: 5 returning value 5
2016-10-06 11:41:47,311 [edu.skidmore.cs376b.example.FibonacciSequenceGenerator] [main] (FibonacciSequenceGenerator.java:32) DEBUG edu.skidmore.cs376b.example.FibonacciSequenceGenerator  - Recursive call for position: 4
2016-10-06 11:41:47,311 [edu.skidmore.cs376b.example.FibonacciSequenceGenerator] [main] (FibonacciSequenceGenerator.java:32) DEBUG edu.skidmore.cs376b.example.FibonacciSequenceGenerator  - Recursive call for position: 3
2016-10-06 11:41:47,311 [edu.skidmore.cs376b.example.FibonacciSequenceGenerator] [main] (FibonacciSequenceGenerator.java:32) DEBUG edu.skidmore.cs376b.example.FibonacciSequenceGenerator  - Recursive call for position: 2
2016-10-06 11:41:47,311 [edu.skidmore.cs376b.example.FibonacciSequenceGenerator] [main] (FibonacciSequenceGenerator.java:32) DEBUG edu.skidmore.cs376b.example.FibonacciSequenceGenerator  - Recursive call for position: 1
2016-10-06 11:41:47,312 [edu.skidmore.cs376b.example.FibonacciSequenceGenerator] [main] (FibonacciSequenceGenerator.java:52) DEBUG edu.skidmore.cs376b.example.FibonacciSequenceGenerator  - Recursive call for position: 1 returning value 1
2016-10-06 11:41:47,312 [edu.skidmore.cs376b.example.FibonacciSequenceGenerator] [main] (FibonacciSequenceGenerator.java:32) DEBUG edu.skidmore.cs376b.example.FibonacciSequenceGenerator  - Recursive call for position: 0
2016-10-06 11:41:47,312 [edu.skidmore.cs376b.example.FibonacciSequenceGenerator] [main] (FibonacciSequenceGenerator.java:52) DEBUG edu.skidmore.cs376b.example.FibonacciSequenceGenerator  - Recursive call for position: 0 returning value 0
2016-10-06 11:41:47,312 [edu.skidmore.cs376b.example.FibonacciSequenceGenerator] [main] (FibonacciSequenceGenerator.java:52) DEBUG edu.skidmore.cs376b.example.FibonacciSequenceGenerator  - Recursive call for position: 2 returning value 1
2016-10-06 11:41:47,312 [edu.skidmore.cs376b.example.FibonacciSequenceGenerator] [main] (FibonacciSequenceGenerator.java:32) DEBUG edu.skidmore.cs376b.example.FibonacciSequenceGenerator  - Recursive call for position: 1
2016-10-06 11:41:47,312 [edu.skidmore.cs376b.example.FibonacciSequenceGenerator] [main] (FibonacciSequenceGenerator.java:52) DEBUG edu.skidmore.cs376b.example.FibonacciSequenceGenerator  - Recursive call for position: 1 returning value 1
2016-10-06 11:41:47,312 [edu.skidmore.cs376b.example.FibonacciSequenceGenerator] [main] (FibonacciSequenceGenerator.java:52) DEBUG edu.skidmore.cs376b.example.FibonacciSequenceGenerator  - Recursive call for position: 3 returning value 2
2016-10-06 11:41:47,313 [edu.skidmore.cs376b.example.FibonacciSequenceGenerator] [main] (FibonacciSequenceGenerator.java:32) DEBUG edu.skidmore.cs376b.example.FibonacciSequenceGenerator  - Recursive call for position: 2
2016-10-06 11:41:47,313 [edu.skidmore.cs376b.example.FibonacciSequenceGenerator] [main] (FibonacciSequenceGenerator.java:32) DEBUG edu.skidmore.cs376b.example.FibonacciSequenceGenerator  - Recursive call for position: 1
2016-10-06 11:41:47,313 [edu.skidmore.cs376b.example.FibonacciSequenceGenerator] [main] (FibonacciSequenceGenerator.java:52) DEBUG edu.skidmore.cs376b.example.FibonacciSequenceGenerator  - Recursive call for position: 1 returning value 1
2016-10-06 11:41:47,313 [edu.skidmore.cs376b.example.FibonacciSequenceGenerator] [main] (FibonacciSequenceGenerator.java:32) DEBUG edu.skidmore.cs376b.example.FibonacciSequenceGenerator  - Recursive call for position: 0
2016-10-06 11:41:47,313 [edu.skidmore.cs376b.example.FibonacciSequenceGenerator] [main] (FibonacciSequenceGenerator.java:52) DEBUG edu.skidmore.cs376b.example.FibonacciSequenceGenerator  - Recursive call for position: 0 returning value 0
2016-10-06 11:41:47,313 [edu.skidmore.cs376b.example.FibonacciSequenceGenerator] [main] (FibonacciSequenceGenerator.java:52) DEBUG edu.skidmore.cs376b.example.FibonacciSequenceGenerator  - Recursive call for position: 2 returning value 1
2016-10-06 11:41:47,313 [edu.skidmore.cs376b.example.FibonacciSequenceGenerator] [main] (FibonacciSequenceGenerator.java:52) DEBUG edu.skidmore.cs376b.example.FibonacciSequenceGenerator  - Recursive call for position: 4 returning value 3
2016-10-06 11:41:47,314 [edu.skidmore.cs376b.example.FibonacciSequenceGenerator] [main] (FibonacciSequenceGenerator.java:52) DEBUG edu.skidmore.cs376b.example.FibonacciSequenceGenerator  - Recursive call for position: 6 returning value 8
2016-10-06 11:41:47,337 [edu.skidmore.cs376b.example.FibonacciSequenceGenerator] [main] (FibonacciSequenceGenerator.java:32) DEBUG edu.skidmore.cs376b.example.FibonacciSequenceGenerator  - Recursive call for position: -2
2016-10-06 11:41:47,361 [edu.skidmore.cs376b.example.FibonacciSequenceGenerator] [main] (FibonacciSequenceGenerator.java:94) DEBUG edu.skidmore.cs376b.example.FibonacciSequenceGenerator  - Recursive call for position: 0 returning value 0
2016-10-06 11:41:47,381 [edu.skidmore.cs376b.example.FibonacciSequenceGenerator] [main] (FibonacciSequenceGenerator.java:94) DEBUG edu.skidmore.cs376b.example.FibonacciSequenceGenerator  - Recursive call for position: 1 returning value 1
2016-10-06 11:41:47,401 [edu.skidmore.cs376b.example.FibonacciSequenceGenerator] [main] (FibonacciSequenceGenerator.java:94) DEBUG edu.skidmore.cs376b.example.FibonacciSequenceGenerator  - Recursive call for position: 6 returning value 8
]]></system-out>

      <system-err><![CDATA[]]></system-err>

  </testsuite>
  <testsuite errors="0" failures="0" hostname="csr03.cs.skidmore.edu" id="1" name="FontDataTest" package="edu.skidmore.cs376b.example.test" skipped="0" tests="2" time="0.129" timestamp="2016-10-06T15:41:49">
      <properties>
[...]
</properties>

      <testcase classname="edu.skidmore.cs376b.example.test.FontDataTest" name="getFont" time="0.001" />

      <testcase classname="edu.skidmore.cs376b.example.test.FontDataTest" name="getColor" time="0.0" />

      <system-out><![CDATA[]]></system-out>

      <system-err><![CDATA[]]></system-err>

  </testsuite>
  <testsuite errors="0" failures="0" hostname="csr03.cs.skidmore.edu" id="2" name="FormatterTest" package="edu.skidmore.cs376b.example.test" skipped="0" tests="1" time="0.101" timestamp="2016-10-06T15:41:50">
      <properties>
[...]
</properties>

      <testcase classname="edu.skidmore.cs376b.example.test.FormatterTest" name="formatTimerTest" time="0.05" />

      <system-out><![CDATA[log4j: Trying to find [log4j.xml] using context classloader sun.misc.Launcher$AppClassLoader@6ff3c5b5.
log4j: Trying to find [log4j.xml] using sun.misc.Launcher$AppClassLoader@6ff3c5b5 class loader.
log4j: Trying to find [log4j.xml] using ClassLoader.getSystemResource().
log4j: Trying to find [log4j.properties] using context classloader sun.misc.Launcher$AppClassLoader@6ff3c5b5.
log4j: Using URL [file:/students/home/jstekete/My_Files/workspace/Cs376bJunitDemoApp/test-bin/log4j.properties] for automatic log4j configuration.
log4j: Reading configuration from URL file:/students/home/jstekete/My_Files/workspace/Cs376bJunitDemoApp/test-bin/log4j.properties
log4j: Parsing for [root] with value=[debug, applogfile, stdout].
log4j: Level token is [debug].
log4j: Category root set to DEBUG
log4j: Parsing appender named "applogfile".
log4j: Parsing layout options for "applogfile".
log4j: Setting property [conversionPattern] to [%d [%c] (%F:%L) %-5p - %m%n].
log4j: End of parsing for "applogfile".
log4j: Setting property [maxBackupIndex] to [3].
log4j: Setting property [file] to [JunitDemo.log].
log4j: Setting property [maxFileSize] to [1MB].
log4j: setFile called: JunitDemo.log, true
log4j: setFile ended
log4j: Parsed "applogfile" options.
log4j: Parsing appender named "stdout".
log4j: Parsing layout options for "stdout".
log4j: Setting property [conversionPattern] to [%d [%c] [%t] (%F:%L) %-5p %c %x - %m%n].
log4j: End of parsing for "stdout".
log4j: Parsed "stdout" options.
log4j: Finished configuring.
2016-10-06 11:41:51,053 [edu.skidmore.cs376b.junitdemo.sequencehunt.Formatter] [main] (Formatter.java:64) DEBUG edu.skidmore.cs376b.junitdemo.sequencehunt.Formatter  - milliseconds [33434333434343434] tempDate [Wed Nov 06 13:52:23 EST 1061461] result[18:52:23]
]]></system-out>

      <system-err><![CDATA[]]></system-err>

  </testsuite>
  <testsuite errors="0" failures="0" hostname="csr03.cs.skidmore.edu" id="3" name="ScoreTest" package="edu.skidmore.cs376b.example.test" skipped="0" tests="7" time="0.205" timestamp="2016-10-06T15:41:52">
      <properties>
[...]
</properties>

      <testcase classname="edu.skidmore.cs376b.example.test.ScoreTest" name="setCurrentScoreNeg" time="0.045" />

      <testcase classname="edu.skidmore.cs376b.example.test.ScoreTest" name="setNameBlank" time="0.0" />

      <testcase classname="edu.skidmore.cs376b.example.test.ScoreTest" name="getAge" time="0.0" />

      <testcase classname="edu.skidmore.cs376b.example.test.ScoreTest" name="getCurrentScore" time="0.0" />

      <testcase classname="edu.skidmore.cs376b.example.test.ScoreTest" name="setNameNull" time="0.0" />

      <testcase classname="edu.skidmore.cs376b.example.test.ScoreTest" name="getName" time="0.0" />

      <testcase classname="edu.skidmore.cs376b.example.test.ScoreTest" name="setAgeMin" time="0.0" />

      <system-out><![CDATA[log4j: Trying to find [log4j.xml] using context classloader sun.misc.Launcher$AppClassLoader@6ff3c5b5.
log4j: Trying to find [log4j.xml] using sun.misc.Launcher$AppClassLoader@6ff3c5b5 class loader.
log4j: Trying to find [log4j.xml] using ClassLoader.getSystemResource().
log4j: Trying to find [log4j.properties] using context classloader sun.misc.Launcher$AppClassLoader@6ff3c5b5.
log4j: Using URL [file:/students/home/jstekete/My_Files/workspace/Cs376bJunitDemoApp/test-bin/log4j.properties] for automatic log4j configuration.
log4j: Reading configuration from URL file:/students/home/jstekete/My_Files/workspace/Cs376bJunitDemoApp/test-bin/log4j.properties
log4j: Parsing for [root] with value=[debug, applogfile, stdout].
log4j: Level token is [debug].
log4j: Category root set to DEBUG
log4j: Parsing appender named "applogfile".
log4j: Parsing layout options for "applogfile".
log4j: Setting property [conversionPattern] to [%d [%c] (%F:%L) %-5p - %m%n].
log4j: End of parsing for "applogfile".
log4j: Setting property [maxBackupIndex] to [3].
log4j: Setting property [file] to [JunitDemo.log].
log4j: Setting property [maxFileSize] to [1MB].
log4j: setFile called: JunitDemo.log, true
log4j: setFile ended
log4j: Parsed "applogfile" options.
log4j: Parsing appender named "stdout".
log4j: Parsing layout options for "stdout".
log4j: Setting property [conversionPattern] to [%d [%c] [%t] (%F:%L) %-5p %c %x - %m%n].
log4j: End of parsing for "stdout".
log4j: Parsed "stdout" options.
log4j: Finished configuring.
]]></system-out>

      <system-err><![CDATA[]]></system-err>

  </testsuite>
  <testsuite errors="0" failures="0" hostname="csr03.cs.skidmore.edu" id="4" name="SearchParametersTest" package="edu.skidmore.cs376b.example.test" skipped="0" tests="4" time="0.095" timestamp="2016-10-06T15:41:54">
      <properties>
[...]
</properties>

      <testcase classname="edu.skidmore.cs376b.example.test.SearchParametersTest" name="isLastSearchWrapped" time="0.001" />

      <testcase classname="edu.skidmore.cs376b.example.test.SearchParametersTest" name="getPosition" time="0.0" />

      <testcase classname="edu.skidmore.cs376b.example.test.SearchParametersTest" name="setLastMatchLineNumber" time="0.0" />

      <testcase classname="edu.skidmore.cs376b.example.test.SearchParametersTest" name="getPattern" time="0.0" />

      <system-out><![CDATA[]]></system-out>

      <system-err><![CDATA[]]></system-err>

  </testsuite>
  <testsuite errors="0" failures="0" hostname="csr03.cs.skidmore.edu" id="5" name="SequenceHuntTest" package="edu.skidmore.cs376b.example.test" skipped="0" tests="14" time="0.394" timestamp="2016-10-06T15:41:56">
      <properties>
[...]
</properties>

      <testcase classname="edu.skidmore.cs376b.example.test.SequenceHuntTest" name="getClueColorCode" time="0.092" />

      <testcase classname="edu.skidmore.cs376b.example.test.SequenceHuntTest" name="getTryClueColorCode" time="0.001" />

      <testcase classname="edu.skidmore.cs376b.example.test.SequenceHuntTest" name="addGuess" time="0.001" />

      <testcase classname="edu.skidmore.cs376b.example.test.SequenceHuntTest" name="maxSeqLeng" time="0.003" />

      <testcase classname="edu.skidmore.cs376b.example.test.SequenceHuntTest" name="getAnswerValue" time="0.001" />

      <testcase classname="edu.skidmore.cs376b.example.test.SequenceHuntTest" name="removeLastGuessEmpty" time="0.001" />

      <testcase classname="edu.skidmore.cs376b.example.test.SequenceHuntTest" name="getTryProgress" time="0.001" />

      <testcase classname="edu.skidmore.cs376b.example.test.SequenceHuntTest" name="isWinner" time="0.001" />

      <testcase classname="edu.skidmore.cs376b.example.test.SequenceHuntTest" name="getElapstedTime" time="0.002" />

      <testcase classname="edu.skidmore.cs376b.example.test.SequenceHuntTest" name="submitGuess" time="0.004" />

      <testcase classname="edu.skidmore.cs376b.example.test.SequenceHuntTest" name="getTryColorCodes" time="0.001" />

      <testcase classname="edu.skidmore.cs376b.example.test.SequenceHuntTest" name="getMaxTrys" time="0.001" />

      <testcase classname="edu.skidmore.cs376b.example.test.SequenceHuntTest" name="removeLastGuessNonEmpty" time="0.002" />

      <testcase classname="edu.skidmore.cs376b.example.test.SequenceHuntTest" name="isLoser" time="0.001" />

      <system-out><![CDATA[log4j: Trying to find [log4j.xml] using context classloader sun.misc.Launcher$AppClassLoader@6ff3c5b5.
log4j: Trying to find [log4j.xml] using sun.misc.Launcher$AppClassLoader@6ff3c5b5 class loader.
log4j: Trying to find [log4j.xml] using ClassLoader.getSystemResource().
log4j: Trying to find [log4j.properties] using context classloader sun.misc.Launcher$AppClassLoader@6ff3c5b5.
log4j: Using URL [file:/students/home/jstekete/My_Files/workspace/Cs376bJunitDemoApp/test-bin/log4j.properties] for automatic log4j configuration.
log4j: Reading configuration from URL file:/students/home/jstekete/My_Files/workspace/Cs376bJunitDemoApp/test-bin/log4j.properties
log4j: Parsing for [root] with value=[debug, applogfile, stdout].
log4j: Level token is [debug].
log4j: Category root set to DEBUG
log4j: Parsing appender named "applogfile".
log4j: Parsing layout options for "applogfile".
log4j: Setting property [conversionPattern] to [%d [%c] (%F:%L) %-5p - %m%n].
log4j: End of parsing for "applogfile".
log4j: Setting property [maxBackupIndex] to [3].
log4j: Setting property [file] to [JunitDemo.log].
log4j: Setting property [maxFileSize] to [1MB].
log4j: setFile called: JunitDemo.log, true
log4j: setFile ended
log4j: Parsed "applogfile" options.
log4j: Parsing appender named "stdout".
log4j: Parsing layout options for "stdout".
log4j: Setting property [conversionPattern] to [%d [%c] [%t] (%F:%L) %-5p %c %x - %m%n].
log4j: End of parsing for "stdout".
log4j: Parsed "stdout" options.
log4j: Finished configuring.
2016-10-06 11:41:56,283 [edu.skidmore.cs376b.junitdemo.sequencehunt.SequenceHuntGameModel] [main] (SequenceHuntGameModel.java:794) DEBUG edu.skidmore.cs376b.junitdemo.sequencehunt.SequenceHuntGameModel  - Requested sequence length: 0
2016-10-06 11:41:56,288 [edu.skidmore.cs376b.junitdemo.sequencehunt.SequenceHuntGameModel] [main] (SequenceHuntGameModel.java:794) DEBUG edu.skidmore.cs376b.junitdemo.sequencehunt.SequenceHuntGameModel  - setSequenceLength, used supplied value: 6
2016-10-06 11:41:56,289 [edu.skidmore.cs376b.junitdemo.sequencehunt.SequenceHuntGameModel] [main] (SequenceHuntGameModel.java:794) DEBUG edu.skidmore.cs376b.junitdemo.sequencehunt.SequenceHuntGameModel  - Resulting sequence length: 6
2016-10-06 11:41:56,357 [edu.skidmore.cs376b.junitdemo.sequencehunt.SequenceHuntGameModel] [main] (SequenceHuntGameModel.java:794) DEBUG edu.skidmore.cs376b.junitdemo.sequencehunt.SequenceHuntGameModel  - Requested sequence length: 0
2016-10-06 11:41:56,357 [edu.skidmore.cs376b.junitdemo.sequencehunt.SequenceHuntGameModel] [main] (SequenceHuntGameModel.java:794) DEBUG edu.skidmore.cs376b.junitdemo.sequencehunt.SequenceHuntGameModel  - setSequenceLength, used supplied value: 6
2016-10-06 11:41:56,357 [edu.skidmore.cs376b.junitdemo.sequencehunt.SequenceHuntGameModel] [main] (SequenceHuntGameModel.java:794) DEBUG edu.skidmore.cs376b.junitdemo.sequencehunt.SequenceHuntGameModel  - Resulting sequence length: 6
2016-10-06 11:41:56,377 [edu.skidmore.cs376b.junitdemo.sequencehunt.SequenceHuntGameModel] [main] (SequenceHuntGameModel.java:794) DEBUG edu.skidmore.cs376b.junitdemo.sequencehunt.SequenceHuntGameModel  - Requested sequence length: 0
2016-10-06 11:41:56,377 [edu.skidmore.cs376b.junitdemo.sequencehunt.SequenceHuntGameModel] [main] (SequenceHuntGameModel.java:794) DEBUG edu.skidmore.cs376b.junitdemo.sequencehunt.SequenceHuntGameModel  - setSequenceLength, used supplied value: 6
2016-10-06 11:41:56,377 [edu.skidmore.cs376b.junitdemo.sequencehunt.SequenceHuntGameModel] [main] (SequenceHuntGameModel.java:794) DEBUG edu.skidmore.cs376b.junitdemo.sequencehunt.SequenceHuntGameModel  - Resulting sequence length: 6
2016-10-06 11:41:56,378 [edu.skidmore.cs376b.junitdemo.sequencehunt.SequenceHuntGameModel] [main] (SequenceHuntGameModel.java:794) DEBUG edu.skidmore.cs376b.junitdemo.sequencehunt.SequenceHuntGameModel  - addGuess color [1]
2016-10-06 11:41:56,378 [edu.skidmore.cs376b.junitdemo.sequencehunt.SequenceHuntGameModel] [main] (SequenceHuntGameModel.java:794) DEBUG edu.skidmore.cs376b.junitdemo.sequencehunt.SequenceHuntGameModel  - signalGameStart at 1475768516378
2016-10-06 11:41:56,378 [edu.skidmore.cs376b.junitdemo.sequencehunt.SequenceHuntGameModel] [main] (SequenceHuntGameModel.java:794) DEBUG edu.skidmore.cs376b.junitdemo.sequencehunt.SequenceHuntGameModel  - updateElapsedTime update start time [1475768516378] date.getTime [1475768516378] elapsedMS [0]
2016-10-06 11:41:56,397 [edu.skidmore.cs376b.junitdemo.sequencehunt.SequenceHuntGameModel] [main] (SequenceHuntGameModel.java:794) DEBUG edu.skidmore.cs376b.junitdemo.sequencehunt.SequenceHuntGameModel  - Requested sequence length: 0
2016-10-06 11:41:56,397 [edu.skidmore.cs376b.junitdemo.sequencehunt.SequenceHuntGameModel] [main] (SequenceHuntGameModel.java:794) DEBUG edu.skidmore.cs376b.junitdemo.sequencehunt.SequenceHuntGameModel  - setSequenceLength, used supplied value: 6
2016-10-06 11:41:56,397 [edu.skidmore.cs376b.junitdemo.sequencehunt.SequenceHuntGameModel] [main] (SequenceHuntGameModel.java:794) DEBUG edu.skidmore.cs376b.junitdemo.sequencehunt.SequenceHuntGameModel  - Resulting sequence length: 6
2016-10-06 11:41:56,398 [edu.skidmore.cs376b.junitdemo.sequencehunt.SequenceHuntGameModel] [main] (SequenceHuntGameModel.java:794) DEBUG edu.skidmore.cs376b.junitdemo.sequencehunt.SequenceHuntGameModel  - Requested sequence length: 0
2016-10-06 11:41:56,399 [edu.skidmore.cs376b.junitdemo.sequencehunt.SequenceHuntGameModel] [main] (SequenceHuntGameModel.java:794) DEBUG edu.skidmore.cs376b.junitdemo.sequencehunt.SequenceHuntGameModel  - setSequenceLength, ignored supplied value: 10000 and used default: 4
2016-10-06 11:41:56,399 [edu.skidmore.cs376b.junitdemo.sequencehunt.SequenceHuntGameModel] [main] (SequenceHuntGameModel.java:794) DEBUG edu.skidmore.cs376b.junitdemo.sequencehunt.SequenceHuntGameModel  - Resulting sequence length: 4
2016-10-06 11:41:56,417 [edu.skidmore.cs376b.junitdemo.sequencehunt.SequenceHuntGameModel] [main] (SequenceHuntGameModel.java:794) DEBUG edu.skidmore.cs376b.junitdemo.sequencehunt.SequenceHuntGameModel  - Requested sequence length: 0
2016-10-06 11:41:56,417 [edu.skidmore.cs376b.junitdemo.sequencehunt.SequenceHuntGameModel] [main] (SequenceHuntGameModel.java:794) DEBUG edu.skidmore.cs376b.junitdemo.sequencehunt.SequenceHuntGameModel  - setSequenceLength, used supplied value: 6
2016-10-06 11:41:56,417 [edu.skidmore.cs376b.junitdemo.sequencehunt.SequenceHuntGameModel] [main] (SequenceHuntGameModel.java:794) DEBUG edu.skidmore.cs376b.junitdemo.sequencehunt.SequenceHuntGameModel  - Resulting sequence length: 6
2016-10-06 11:41:56,437 [edu.skidmore.cs376b.junitdemo.sequencehunt.SequenceHuntGameModel] [main] (SequenceHuntGameModel.java:794) DEBUG edu.skidmore.cs376b.junitdemo.sequencehunt.SequenceHuntGameModel  - Requested sequence length: 0
2016-10-06 11:41:56,437 [edu.skidmore.cs376b.junitdemo.sequencehunt.SequenceHuntGameModel] [main] (SequenceHuntGameModel.java:794) DEBUG edu.skidmore.cs376b.junitdemo.sequencehunt.SequenceHuntGameModel  - setSequenceLength, used supplied value: 6
2016-10-06 11:41:56,437 [edu.skidmore.cs376b.junitdemo.sequencehunt.SequenceHuntGameModel] [main] (SequenceHuntGameModel.java:794) DEBUG edu.skidmore.cs376b.junitdemo.sequencehunt.SequenceHuntGameModel  - Resulting sequence length: 6
2016-10-06 11:41:56,457 [edu.skidmore.cs376b.junitdemo.sequencehunt.SequenceHuntGameModel] [main] (SequenceHuntGameModel.java:794) DEBUG edu.skidmore.cs376b.junitdemo.sequencehunt.SequenceHuntGameModel  - Requested sequence length: 0
2016-10-06 11:41:56,457 [edu.skidmore.cs376b.junitdemo.sequencehunt.SequenceHuntGameModel] [main] (SequenceHuntGameModel.java:794) DEBUG edu.skidmore.cs376b.junitdemo.sequencehunt.SequenceHuntGameModel  - setSequenceLength, used supplied value: 6
2016-10-06 11:41:56,457 [edu.skidmore.cs376b.junitdemo.sequencehunt.SequenceHuntGameModel] [main] (SequenceHuntGameModel.java:794) DEBUG edu.skidmore.cs376b.junitdemo.sequencehunt.SequenceHuntGameModel  - Resulting sequence length: 6
2016-10-06 11:41:56,477 [edu.skidmore.cs376b.junitdemo.sequencehunt.SequenceHuntGameModel] [main] (SequenceHuntGameModel.java:794) DEBUG edu.skidmore.cs376b.junitdemo.sequencehunt.SequenceHuntGameModel  - Requested sequence length: 0
2016-10-06 11:41:56,477 [edu.skidmore.cs376b.junitdemo.sequencehunt.SequenceHuntGameModel] [main] (SequenceHuntGameModel.java:794) DEBUG edu.skidmore.cs376b.junitdemo.sequencehunt.SequenceHuntGameModel  - setSequenceLength, used supplied value: 6
2016-10-06 11:41:56,477 [edu.skidmore.cs376b.junitdemo.sequencehunt.SequenceHuntGameModel] [main] (SequenceHuntGameModel.java:794) DEBUG edu.skidmore.cs376b.junitdemo.sequencehunt.SequenceHuntGameModel  - Resulting sequence length: 6
2016-10-06 11:41:56,478 [edu.skidmore.cs376b.junitdemo.sequencehunt.SequenceHuntGameModel] [main] (SequenceHuntGameModel.java:794) DEBUG edu.skidmore.cs376b.junitdemo.sequencehunt.SequenceHuntGameModel  - signalGameRestored latestStartupDate.getTime [1475768516478]
2016-10-06 11:41:56,497 [edu.skidmore.cs376b.junitdemo.sequencehunt.SequenceHuntGameModel] [main] (SequenceHuntGameModel.java:794) DEBUG edu.skidmore.cs376b.junitdemo.sequencehunt.SequenceHuntGameModel  - Requested sequence length: 0
2016-10-06 11:41:56,497 [edu.skidmore.cs376b.junitdemo.sequencehunt.SequenceHuntGameModel] [main] (SequenceHuntGameModel.java:794) DEBUG edu.skidmore.cs376b.junitdemo.sequencehunt.SequenceHuntGameModel  - setSequenceLength, used supplied value: 6
2016-10-06 11:41:56,498 [edu.skidmore.cs376b.junitdemo.sequencehunt.SequenceHuntGameModel] [main] (SequenceHuntGameModel.java:794) DEBUG edu.skidmore.cs376b.junitdemo.sequencehunt.SequenceHuntGameModel  - Resulting sequence length: 6
2016-10-06 11:41:56,498 [edu.skidmore.cs376b.junitdemo.sequencehunt.SequenceHuntGameModel] [main] (SequenceHuntGameModel.java:794) DEBUG edu.skidmore.cs376b.junitdemo.sequencehunt.SequenceHuntGameModel  - signalGameEnd
2016-10-06 11:41:56,498 [edu.skidmore.cs376b.junitdemo.sequencehunt.SequenceHuntGameModel] [main] (SequenceHuntGameModel.java:794) DEBUG edu.skidmore.cs376b.junitdemo.sequencehunt.SequenceHuntGameModel  - signalGamePaused
2016-10-06 11:41:56,498 [edu.skidmore.cs376b.junitdemo.sequencehunt.SequenceHuntGameModel] [main] (SequenceHuntGameModel.java:794) DEBUG edu.skidmore.cs376b.junitdemo.sequencehunt.SequenceHuntGameModel  - signalGameRestored latestStartupDate.getTime [1475768516498]
2016-10-06 11:41:56,498 [edu.skidmore.cs376b.junitdemo.sequencehunt.SequenceHuntGameModel] [main] (SequenceHuntGameModel.java:794) DEBUG edu.skidmore.cs376b.junitdemo.sequencehunt.SequenceHuntGameModel  - getElapsedTime returning 0
2016-10-06 11:41:56,517 [edu.skidmore.cs376b.junitdemo.sequencehunt.SequenceHuntGameModel] [main] (SequenceHuntGameModel.java:794) DEBUG edu.skidmore.cs376b.junitdemo.sequencehunt.SequenceHuntGameModel  - Requested sequence length: 0
2016-10-06 11:41:56,517 [edu.skidmore.cs376b.junitdemo.sequencehunt.SequenceHuntGameModel] [main] (SequenceHuntGameModel.java:794) DEBUG edu.skidmore.cs376b.junitdemo.sequencehunt.SequenceHuntGameModel  - setSequenceLength, used supplied value: 6
2016-10-06 11:41:56,518 [edu.skidmore.cs376b.junitdemo.sequencehunt.SequenceHuntGameModel] [main] (SequenceHuntGameModel.java:794) DEBUG edu.skidmore.cs376b.junitdemo.sequencehunt.SequenceHuntGameModel  - Resulting sequence length: 6
2016-10-06 11:41:56,518 [edu.skidmore.cs376b.junitdemo.sequencehunt.SequenceHuntGameModel] [main] (SequenceHuntGameModel.java:794) DEBUG edu.skidmore.cs376b.junitdemo.sequencehunt.SequenceHuntGameModel  - addGuess color [3]
2016-10-06 11:41:56,518 [edu.skidmore.cs376b.junitdemo.sequencehunt.SequenceHuntGameModel] [main] (SequenceHuntGameModel.java:794) DEBUG edu.skidmore.cs376b.junitdemo.sequencehunt.SequenceHuntGameModel  - signalGameStart at 1475768516518
2016-10-06 11:41:56,518 [edu.skidmore.cs376b.junitdemo.sequencehunt.SequenceHuntGameModel] [main] (SequenceHuntGameModel.java:794) DEBUG edu.skidmore.cs376b.junitdemo.sequencehunt.SequenceHuntGameModel  - updateElapsedTime update start time [1475768516518] date.getTime [1475768516518] elapsedMS [0]
2016-10-06 11:41:56,518 [edu.skidmore.cs376b.junitdemo.sequencehunt.SequenceHuntGameModel] [main] (SequenceHuntGameModel.java:794) DEBUG edu.skidmore.cs376b.junitdemo.sequencehunt.SequenceHuntGameModel  - addGuess color [3]
2016-10-06 11:41:56,519 [edu.skidmore.cs376b.junitdemo.sequencehunt.SequenceHuntGameModel] [main] (SequenceHuntGameModel.java:794) DEBUG edu.skidmore.cs376b.junitdemo.sequencehunt.SequenceHuntGameModel  - updateElapsedTime update start time [1475768516519] date.getTime [1475768516519] elapsedMS [1]
2016-10-06 11:41:56,519 [edu.skidmore.cs376b.junitdemo.sequencehunt.SequenceHuntGameModel] [main] (SequenceHuntGameModel.java:794) DEBUG edu.skidmore.cs376b.junitdemo.sequencehunt.SequenceHuntGameModel  - addGuess color [3]
2016-10-06 11:41:56,519 [edu.skidmore.cs376b.junitdemo.sequencehunt.SequenceHuntGameModel] [main] (SequenceHuntGameModel.java:794) DEBUG edu.skidmore.cs376b.junitdemo.sequencehunt.SequenceHuntGameModel  - updateElapsedTime update start time [1475768516519] date.getTime [1475768516519] elapsedMS [1]
2016-10-06 11:41:56,519 [edu.skidmore.cs376b.junitdemo.sequencehunt.SequenceHuntGameModel] [main] (SequenceHuntGameModel.java:794) DEBUG edu.skidmore.cs376b.junitdemo.sequencehunt.SequenceHuntGameModel  - addGuess color [3]
2016-10-06 11:41:56,519 [edu.skidmore.cs376b.junitdemo.sequencehunt.SequenceHuntGameModel] [main] (SequenceHuntGameModel.java:794) DEBUG edu.skidmore.cs376b.junitdemo.sequencehunt.SequenceHuntGameModel  - updateElapsedTime update start time [1475768516519] date.getTime [1475768516519] elapsedMS [1]
2016-10-06 11:41:56,520 [edu.skidmore.cs376b.junitdemo.sequencehunt.SequenceHuntGameModel] [main] (SequenceHuntGameModel.java:794) DEBUG edu.skidmore.cs376b.junitdemo.sequencehunt.SequenceHuntGameModel  - addGuess color [3]
2016-10-06 11:41:56,520 [edu.skidmore.cs376b.junitdemo.sequencehunt.SequenceHuntGameModel] [main] (SequenceHuntGameModel.java:794) DEBUG edu.skidmore.cs376b.junitdemo.sequencehunt.SequenceHuntGameModel  - updateElapsedTime update start time [1475768516520] date.getTime [1475768516520] elapsedMS [2]
2016-10-06 11:41:56,520 [edu.skidmore.cs376b.junitdemo.sequencehunt.SequenceHuntGameModel] [main] (SequenceHuntGameModel.java:794) DEBUG edu.skidmore.cs376b.junitdemo.sequencehunt.SequenceHuntGameModel  - addGuess color [3]
2016-10-06 11:41:56,520 [edu.skidmore.cs376b.junitdemo.sequencehunt.SequenceHuntGameModel] [main] (SequenceHuntGameModel.java:794) DEBUG edu.skidmore.cs376b.junitdemo.sequencehunt.SequenceHuntGameModel  - updateElapsedTime update start time [1475768516520] date.getTime [1475768516520] elapsedMS [2]
2016-10-06 11:41:56,520 [edu.skidmore.cs376b.junitdemo.sequencehunt.SequenceHuntGameModel] [main] (SequenceHuntGameModel.java:794) DEBUG edu.skidmore.cs376b.junitdemo.sequencehunt.SequenceHuntGameModel  - addGuess color [3]
2016-10-06 11:41:56,521 [edu.skidmore.cs376b.junitdemo.sequencehunt.SequenceHuntGameModel] [main] (SequenceHuntGameModel.java:794) DEBUG edu.skidmore.cs376b.junitdemo.sequencehunt.SequenceHuntGameModel  - updateElapsedTime update start time [1475768516521] date.getTime [1475768516521] elapsedMS [3]
2016-10-06 11:41:56,537 [edu.skidmore.cs376b.junitdemo.sequencehunt.SequenceHuntGameModel] [main] (SequenceHuntGameModel.java:794) DEBUG edu.skidmore.cs376b.junitdemo.sequencehunt.SequenceHuntGameModel  - Requested sequence length: 0
2016-10-06 11:41:56,537 [edu.skidmore.cs376b.junitdemo.sequencehunt.SequenceHuntGameModel] [main] (SequenceHuntGameModel.java:794) DEBUG edu.skidmore.cs376b.junitdemo.sequencehunt.SequenceHuntGameModel  - setSequenceLength, used supplied value: 6
2016-10-06 11:41:56,537 [edu.skidmore.cs376b.junitdemo.sequencehunt.SequenceHuntGameModel] [main] (SequenceHuntGameModel.java:794) DEBUG edu.skidmore.cs376b.junitdemo.sequencehunt.SequenceHuntGameModel  - Resulting sequence length: 6
2016-10-06 11:41:56,557 [edu.skidmore.cs376b.junitdemo.sequencehunt.SequenceHuntGameModel] [main] (SequenceHuntGameModel.java:794) DEBUG edu.skidmore.cs376b.junitdemo.sequencehunt.SequenceHuntGameModel  - Requested sequence length: 0
2016-10-06 11:41:56,557 [edu.skidmore.cs376b.junitdemo.sequencehunt.SequenceHuntGameModel] [main] (SequenceHuntGameModel.java:794) DEBUG edu.skidmore.cs376b.junitdemo.sequencehunt.SequenceHuntGameModel  - setSequenceLength, used supplied value: 6
2016-10-06 11:41:56,558 [edu.skidmore.cs376b.junitdemo.sequencehunt.SequenceHuntGameModel] [main] (SequenceHuntGameModel.java:794) DEBUG edu.skidmore.cs376b.junitdemo.sequencehunt.SequenceHuntGameModel  - Resulting sequence length: 6
2016-10-06 11:41:56,577 [edu.skidmore.cs376b.junitdemo.sequencehunt.SequenceHuntGameModel] [main] (SequenceHuntGameModel.java:794) DEBUG edu.skidmore.cs376b.junitdemo.sequencehunt.SequenceHuntGameModel  - Requested sequence length: 0
2016-10-06 11:41:56,577 [edu.skidmore.cs376b.junitdemo.sequencehunt.SequenceHuntGameModel] [main] (SequenceHuntGameModel.java:794) DEBUG edu.skidmore.cs376b.junitdemo.sequencehunt.SequenceHuntGameModel  - setSequenceLength, used supplied value: 6
2016-10-06 11:41:56,578 [edu.skidmore.cs376b.junitdemo.sequencehunt.SequenceHuntGameModel] [main] (SequenceHuntGameModel.java:794) DEBUG edu.skidmore.cs376b.junitdemo.sequencehunt.SequenceHuntGameModel  - Resulting sequence length: 6
2016-10-06 11:41:56,578 [edu.skidmore.cs376b.junitdemo.sequencehunt.SequenceHuntGameModel] [main] (SequenceHuntGameModel.java:794) DEBUG edu.skidmore.cs376b.junitdemo.sequencehunt.SequenceHuntGameModel  - addGuess color [1]
2016-10-06 11:41:56,578 [edu.skidmore.cs376b.junitdemo.sequencehunt.SequenceHuntGameModel] [main] (SequenceHuntGameModel.java:794) DEBUG edu.skidmore.cs376b.junitdemo.sequencehunt.SequenceHuntGameModel  - signalGameStart at 1475768516578
2016-10-06 11:41:56,578 [edu.skidmore.cs376b.junitdemo.sequencehunt.SequenceHuntGameModel] [main] (SequenceHuntGameModel.java:794) DEBUG edu.skidmore.cs376b.junitdemo.sequencehunt.SequenceHuntGameModel  - updateElapsedTime update start time [1475768516578] date.getTime [1475768516578] elapsedMS [0]
2016-10-06 11:41:56,597 [edu.skidmore.cs376b.junitdemo.sequencehunt.SequenceHuntGameModel] [main] (SequenceHuntGameModel.java:794) DEBUG edu.skidmore.cs376b.junitdemo.sequencehunt.SequenceHuntGameModel  - Requested sequence length: 0
2016-10-06 11:41:56,597 [edu.skidmore.cs376b.junitdemo.sequencehunt.SequenceHuntGameModel] [main] (SequenceHuntGameModel.java:794) DEBUG edu.skidmore.cs376b.junitdemo.sequencehunt.SequenceHuntGameModel  - setSequenceLength, used supplied value: 6
2016-10-06 11:41:56,597 [edu.skidmore.cs376b.junitdemo.sequencehunt.SequenceHuntGameModel] [main] (SequenceHuntGameModel.java:794) DEBUG edu.skidmore.cs376b.junitdemo.sequencehunt.SequenceHuntGameModel  - Resulting sequence length: 6
]]></system-out>

      <system-err><![CDATA[]]></system-err>

  </testsuite>
  <testsuite errors="0" failures="0" hostname="csr03.cs.skidmore.edu" id="6" name="StringManipTest" package="edu.skidmore.cs376b.example.test" skipped="0" tests="5" time="0.141" timestamp="2016-10-06T15:41:58">
      <properties>
[...]
</properties>

      <testcase classname="edu.skidmore.cs376b.example.test.StringManipTest" name="ispalyndrome" time="0.002" />

      <testcase classname="edu.skidmore.cs376b.example.test.StringManipTest" name="everyOtherEven" time="0.0" />

      <testcase classname="edu.skidmore.cs376b.example.test.StringManipTest" name="middleTestOdd" time="0.0" />

      <testcase classname="edu.skidmore.cs376b.example.test.StringManipTest" name="reversed" time="0.0" />

      <testcase classname="edu.skidmore.cs376b.example.test.StringManipTest" name="middleTestEven" time="0.008" />

      <system-out><![CDATA[]]></system-out>

      <system-err><![CDATA[]]></system-err>

  </testsuite>
  <testsuite errors="0" failures="0" hostname="csr03.cs.skidmore.edu" id="7" name="SuffixFileFilterTest" package="edu.skidmore.cs376b.example.test" skipped="0" tests="5" time="0.121" timestamp="2016-10-06T15:42:00">
      <properties>
[...]
</properties>

      <testcase classname="edu.skidmore.cs376b.example.test.SuffixFileFilterTest" name="acceptDir" time="0.002" />

      <testcase classname="edu.skidmore.cs376b.example.test.SuffixFileFilterTest" name="makeWithPrimarySuffixStartsWithDot" time="0.001" />

      <testcase classname="edu.skidmore.cs376b.example.test.SuffixFileFilterTest" name="makeWithPrimarySuffixMatches" time="0.001" />

      <testcase classname="edu.skidmore.cs376b.example.test.SuffixFileFilterTest" name="makeWithPrimarySuffixNoMatch" time="0.0" />

      <testcase classname="edu.skidmore.cs376b.example.test.SuffixFileFilterTest" name="getDescription" time="0.0" />

      <system-out><![CDATA[]]></system-out>

      <system-err><![CDATA[]]></system-err>

  </testsuite>
</testsuites>
