<?xml version="1.0" encoding="UTF-8" ?>
<testsuite errors="0" failures="0" hostname="csr03.cs.skidmore.edu" name="edu.skidmore.cs376b.example.test.FormatterTest" skipped="0" tests="1" time="0.101" timestamp="2016-10-06T15:41:50">
  <properties>
[...]
</properties>
  <testcase classname="edu.skidmore.cs376b.example.test.FormatterTest" name="formatTimerTest" time="0.05" />
  <system-out><![CDATA[log4j: Trying to find [log4j.xml] using context classloader sun.misc.Launcher$AppClassLoader@6ff3c5b5.
log4j: Trying to find [log4j.xml] using sun.misc.Launcher$AppClassLoader@6ff3c5b5 class loader.
log4j: Trying to find [log4j.xml] using ClassLoader.getSystemResource().
log4j: Trying to find [log4j.properties] using context classloader sun.misc.Launcher$AppClassLoader@6ff3c5b5.
log4j: Using URL [file:/students/home/jstekete/My_Files/workspace/Cs376bJunitDemoApp/test-bin/log4j.properties] for automatic log4j configuration.
log4j: Reading configuration from URL file:/students/home/jstekete/My_Files/workspace/Cs376bJunitDemoApp/test-bin/log4j.properties
log4j: Parsing for [root] with value=[debug, applogfile, stdout].
log4j: Level token is [debug].
log4j: Category root set to DEBUG
log4j: Parsing appender named "applogfile".
log4j: Parsing layout options for "applogfile".
log4j: Setting property [conversionPattern] to [%d [%c] (%F:%L) %-5p - %m%n].
log4j: End of parsing for "applogfile".
log4j: Setting property [maxBackupIndex] to [3].
log4j: Setting property [file] to [JunitDemo.log].
log4j: Setting property [maxFileSize] to [1MB].
log4j: setFile called: JunitDemo.log, true
log4j: setFile ended
log4j: Parsed "applogfile" options.
log4j: Parsing appender named "stdout".
log4j: Parsing layout options for "stdout".
log4j: Setting property [conversionPattern] to [%d [%c] [%t] (%F:%L) %-5p %c %x - %m%n].
log4j: End of parsing for "stdout".
log4j: Parsed "stdout" options.
log4j: Finished configuring.
2016-10-06 11:41:51,053 [edu.skidmore.cs376b.junitdemo.sequencehunt.Formatter] [main] (Formatter.java:64) DEBUG edu.skidmore.cs376b.junitdemo.sequencehunt.Formatter  - milliseconds [33434333434343434] tempDate [Wed Nov 06 13:52:23 EST 1061461] result[18:52:23]
]]></system-out>
  <system-err><![CDATA[]]></system-err>
</testsuite>
