<?xml version="1.0" encoding="UTF-8" ?>
<testsuite errors="0" failures="0" hostname="csr03.cs.skidmore.edu" name="edu.skidmore.cs376b.example.test.SuffixFileFilterTest" skipped="0" tests="5" time="0.121" timestamp="2016-10-06T15:42:00">
  <properties>
[...]
</properties>
  <testcase classname="edu.skidmore.cs376b.example.test.SuffixFileFilterTest" name="acceptDir" time="0.002" />
  <testcase classname="edu.skidmore.cs376b.example.test.SuffixFileFilterTest" name="makeWithPrimarySuffixStartsWithDot" time="0.001" />
  <testcase classname="edu.skidmore.cs376b.example.test.SuffixFileFilterTest" name="makeWithPrimarySuffixMatches" time="0.001" />
  <testcase classname="edu.skidmore.cs376b.example.test.SuffixFileFilterTest" name="makeWithPrimarySuffixNoMatch" time="0.0" />
  <testcase classname="edu.skidmore.cs376b.example.test.SuffixFileFilterTest" name="getDescription" time="0.0" />
  <system-out><![CDATA[]]></system-out>
  <system-err><![CDATA[]]></system-err>
</testsuite>
