<?xml version="1.0" encoding="UTF-8" ?>
<testsuite errors="0" failures="0" hostname="csr03.cs.skidmore.edu" name="edu.skidmore.cs376b.example.test.SequenceHuntTest" skipped="0" tests="14" time="0.394" timestamp="2016-10-06T15:41:56">
  <properties>
[...]
</properties>
  <testcase classname="edu.skidmore.cs376b.example.test.SequenceHuntTest" name="getClueColorCode" time="0.092" />
  <testcase classname="edu.skidmore.cs376b.example.test.SequenceHuntTest" name="getTryClueColorCode" time="0.001" />
  <testcase classname="edu.skidmore.cs376b.example.test.SequenceHuntTest" name="addGuess" time="0.001" />
  <testcase classname="edu.skidmore.cs376b.example.test.SequenceHuntTest" name="maxSeqLeng" time="0.003" />
  <testcase classname="edu.skidmore.cs376b.example.test.SequenceHuntTest" name="getAnswerValue" time="0.001" />
  <testcase classname="edu.skidmore.cs376b.example.test.SequenceHuntTest" name="removeLastGuessEmpty" time="0.001" />
  <testcase classname="edu.skidmore.cs376b.example.test.SequenceHuntTest" name="getTryProgress" time="0.001" />
  <testcase classname="edu.skidmore.cs376b.example.test.SequenceHuntTest" name="isWinner" time="0.001" />
  <testcase classname="edu.skidmore.cs376b.example.test.SequenceHuntTest" name="getElapstedTime" time="0.002" />
  <testcase classname="edu.skidmore.cs376b.example.test.SequenceHuntTest" name="submitGuess" time="0.004" />
  <testcase classname="edu.skidmore.cs376b.example.test.SequenceHuntTest" name="getTryColorCodes" time="0.001" />
  <testcase classname="edu.skidmore.cs376b.example.test.SequenceHuntTest" name="getMaxTrys" time="0.001" />
  <testcase classname="edu.skidmore.cs376b.example.test.SequenceHuntTest" name="removeLastGuessNonEmpty" time="0.002" />
  <testcase classname="edu.skidmore.cs376b.example.test.SequenceHuntTest" name="isLoser" time="0.001" />
  <system-out><![CDATA[log4j: Trying to find [log4j.xml] using context classloader sun.misc.Launcher$AppClassLoader@6ff3c5b5.
log4j: Trying to find [log4j.xml] using sun.misc.Launcher$AppClassLoader@6ff3c5b5 class loader.
log4j: Trying to find [log4j.xml] using ClassLoader.getSystemResource().
log4j: Trying to find [log4j.properties] using context classloader sun.misc.Launcher$AppClassLoader@6ff3c5b5.
log4j: Using URL [file:/students/home/jstekete/My_Files/workspace/Cs376bJunitDemoApp/test-bin/log4j.properties] for automatic log4j configuration.
log4j: Reading configuration from URL file:/students/home/jstekete/My_Files/workspace/Cs376bJunitDemoApp/test-bin/log4j.properties
log4j: Parsing for [root] with value=[debug, applogfile, stdout].
log4j: Level token is [debug].
log4j: Category root set to DEBUG
log4j: Parsing appender named "applogfile".
log4j: Parsing layout options for "applogfile".
log4j: Setting property [conversionPattern] to [%d [%c] (%F:%L) %-5p - %m%n].
log4j: End of parsing for "applogfile".
log4j: Setting property [maxBackupIndex] to [3].
log4j: Setting property [file] to [JunitDemo.log].
log4j: Setting property [maxFileSize] to [1MB].
log4j: setFile called: JunitDemo.log, true
log4j: setFile ended
log4j: Parsed "applogfile" options.
log4j: Parsing appender named "stdout".
log4j: Parsing layout options for "stdout".
log4j: Setting property [conversionPattern] to [%d [%c] [%t] (%F:%L) %-5p %c %x - %m%n].
log4j: End of parsing for "stdout".
log4j: Parsed "stdout" options.
log4j: Finished configuring.
2016-10-06 11:41:56,283 [edu.skidmore.cs376b.junitdemo.sequencehunt.SequenceHuntGameModel] [main] (SequenceHuntGameModel.java:794) DEBUG edu.skidmore.cs376b.junitdemo.sequencehunt.SequenceHuntGameModel  - Requested sequence length: 0
2016-10-06 11:41:56,288 [edu.skidmore.cs376b.junitdemo.sequencehunt.SequenceHuntGameModel] [main] (SequenceHuntGameModel.java:794) DEBUG edu.skidmore.cs376b.junitdemo.sequencehunt.SequenceHuntGameModel  - setSequenceLength, used supplied value: 6
2016-10-06 11:41:56,289 [edu.skidmore.cs376b.junitdemo.sequencehunt.SequenceHuntGameModel] [main] (SequenceHuntGameModel.java:794) DEBUG edu.skidmore.cs376b.junitdemo.sequencehunt.SequenceHuntGameModel  - Resulting sequence length: 6
2016-10-06 11:41:56,357 [edu.skidmore.cs376b.junitdemo.sequencehunt.SequenceHuntGameModel] [main] (SequenceHuntGameModel.java:794) DEBUG edu.skidmore.cs376b.junitdemo.sequencehunt.SequenceHuntGameModel  - Requested sequence length: 0
2016-10-06 11:41:56,357 [edu.skidmore.cs376b.junitdemo.sequencehunt.SequenceHuntGameModel] [main] (SequenceHuntGameModel.java:794) DEBUG edu.skidmore.cs376b.junitdemo.sequencehunt.SequenceHuntGameModel  - setSequenceLength, used supplied value: 6
2016-10-06 11:41:56,357 [edu.skidmore.cs376b.junitdemo.sequencehunt.SequenceHuntGameModel] [main] (SequenceHuntGameModel.java:794) DEBUG edu.skidmore.cs376b.junitdemo.sequencehunt.SequenceHuntGameModel  - Resulting sequence length: 6
2016-10-06 11:41:56,377 [edu.skidmore.cs376b.junitdemo.sequencehunt.SequenceHuntGameModel] [main] (SequenceHuntGameModel.java:794) DEBUG edu.skidmore.cs376b.junitdemo.sequencehunt.SequenceHuntGameModel  - Requested sequence length: 0
2016-10-06 11:41:56,377 [edu.skidmore.cs376b.junitdemo.sequencehunt.SequenceHuntGameModel] [main] (SequenceHuntGameModel.java:794) DEBUG edu.skidmore.cs376b.junitdemo.sequencehunt.SequenceHuntGameModel  - setSequenceLength, used supplied value: 6
2016-10-06 11:41:56,377 [edu.skidmore.cs376b.junitdemo.sequencehunt.SequenceHuntGameModel] [main] (SequenceHuntGameModel.java:794) DEBUG edu.skidmore.cs376b.junitdemo.sequencehunt.SequenceHuntGameModel  - Resulting sequence length: 6
2016-10-06 11:41:56,378 [edu.skidmore.cs376b.junitdemo.sequencehunt.SequenceHuntGameModel] [main] (SequenceHuntGameModel.java:794) DEBUG edu.skidmore.cs376b.junitdemo.sequencehunt.SequenceHuntGameModel  - addGuess color [1]
2016-10-06 11:41:56,378 [edu.skidmore.cs376b.junitdemo.sequencehunt.SequenceHuntGameModel] [main] (SequenceHuntGameModel.java:794) DEBUG edu.skidmore.cs376b.junitdemo.sequencehunt.SequenceHuntGameModel  - signalGameStart at 1475768516378
2016-10-06 11:41:56,378 [edu.skidmore.cs376b.junitdemo.sequencehunt.SequenceHuntGameModel] [main] (SequenceHuntGameModel.java:794) DEBUG edu.skidmore.cs376b.junitdemo.sequencehunt.SequenceHuntGameModel  - updateElapsedTime update start time [1475768516378] date.getTime [1475768516378] elapsedMS [0]
2016-10-06 11:41:56,397 [edu.skidmore.cs376b.junitdemo.sequencehunt.SequenceHuntGameModel] [main] (SequenceHuntGameModel.java:794) DEBUG edu.skidmore.cs376b.junitdemo.sequencehunt.SequenceHuntGameModel  - Requested sequence length: 0
2016-10-06 11:41:56,397 [edu.skidmore.cs376b.junitdemo.sequencehunt.SequenceHuntGameModel] [main] (SequenceHuntGameModel.java:794) DEBUG edu.skidmore.cs376b.junitdemo.sequencehunt.SequenceHuntGameModel  - setSequenceLength, used supplied value: 6
2016-10-06 11:41:56,397 [edu.skidmore.cs376b.junitdemo.sequencehunt.SequenceHuntGameModel] [main] (SequenceHuntGameModel.java:794) DEBUG edu.skidmore.cs376b.junitdemo.sequencehunt.SequenceHuntGameModel  - Resulting sequence length: 6
2016-10-06 11:41:56,398 [edu.skidmore.cs376b.junitdemo.sequencehunt.SequenceHuntGameModel] [main] (SequenceHuntGameModel.java:794) DEBUG edu.skidmore.cs376b.junitdemo.sequencehunt.SequenceHuntGameModel  - Requested sequence length: 0
2016-10-06 11:41:56,399 [edu.skidmore.cs376b.junitdemo.sequencehunt.SequenceHuntGameModel] [main] (SequenceHuntGameModel.java:794) DEBUG edu.skidmore.cs376b.junitdemo.sequencehunt.SequenceHuntGameModel  - setSequenceLength, ignored supplied value: 10000 and used default: 4
2016-10-06 11:41:56,399 [edu.skidmore.cs376b.junitdemo.sequencehunt.SequenceHuntGameModel] [main] (SequenceHuntGameModel.java:794) DEBUG edu.skidmore.cs376b.junitdemo.sequencehunt.SequenceHuntGameModel  - Resulting sequence length: 4
2016-10-06 11:41:56,417 [edu.skidmore.cs376b.junitdemo.sequencehunt.SequenceHuntGameModel] [main] (SequenceHuntGameModel.java:794) DEBUG edu.skidmore.cs376b.junitdemo.sequencehunt.SequenceHuntGameModel  - Requested sequence length: 0
2016-10-06 11:41:56,417 [edu.skidmore.cs376b.junitdemo.sequencehunt.SequenceHuntGameModel] [main] (SequenceHuntGameModel.java:794) DEBUG edu.skidmore.cs376b.junitdemo.sequencehunt.SequenceHuntGameModel  - setSequenceLength, used supplied value: 6
2016-10-06 11:41:56,417 [edu.skidmore.cs376b.junitdemo.sequencehunt.SequenceHuntGameModel] [main] (SequenceHuntGameModel.java:794) DEBUG edu.skidmore.cs376b.junitdemo.sequencehunt.SequenceHuntGameModel  - Resulting sequence length: 6
2016-10-06 11:41:56,437 [edu.skidmore.cs376b.junitdemo.sequencehunt.SequenceHuntGameModel] [main] (SequenceHuntGameModel.java:794) DEBUG edu.skidmore.cs376b.junitdemo.sequencehunt.SequenceHuntGameModel  - Requested sequence length: 0
2016-10-06 11:41:56,437 [edu.skidmore.cs376b.junitdemo.sequencehunt.SequenceHuntGameModel] [main] (SequenceHuntGameModel.java:794) DEBUG edu.skidmore.cs376b.junitdemo.sequencehunt.SequenceHuntGameModel  - setSequenceLength, used supplied value: 6
2016-10-06 11:41:56,437 [edu.skidmore.cs376b.junitdemo.sequencehunt.SequenceHuntGameModel] [main] (SequenceHuntGameModel.java:794) DEBUG edu.skidmore.cs376b.junitdemo.sequencehunt.SequenceHuntGameModel  - Resulting sequence length: 6
2016-10-06 11:41:56,457 [edu.skidmore.cs376b.junitdemo.sequencehunt.SequenceHuntGameModel] [main] (SequenceHuntGameModel.java:794) DEBUG edu.skidmore.cs376b.junitdemo.sequencehunt.SequenceHuntGameModel  - Requested sequence length: 0
2016-10-06 11:41:56,457 [edu.skidmore.cs376b.junitdemo.sequencehunt.SequenceHuntGameModel] [main] (SequenceHuntGameModel.java:794) DEBUG edu.skidmore.cs376b.junitdemo.sequencehunt.SequenceHuntGameModel  - setSequenceLength, used supplied value: 6
2016-10-06 11:41:56,457 [edu.skidmore.cs376b.junitdemo.sequencehunt.SequenceHuntGameModel] [main] (SequenceHuntGameModel.java:794) DEBUG edu.skidmore.cs376b.junitdemo.sequencehunt.SequenceHuntGameModel  - Resulting sequence length: 6
2016-10-06 11:41:56,477 [edu.skidmore.cs376b.junitdemo.sequencehunt.SequenceHuntGameModel] [main] (SequenceHuntGameModel.java:794) DEBUG edu.skidmore.cs376b.junitdemo.sequencehunt.SequenceHuntGameModel  - Requested sequence length: 0
2016-10-06 11:41:56,477 [edu.skidmore.cs376b.junitdemo.sequencehunt.SequenceHuntGameModel] [main] (SequenceHuntGameModel.java:794) DEBUG edu.skidmore.cs376b.junitdemo.sequencehunt.SequenceHuntGameModel  - setSequenceLength, used supplied value: 6
2016-10-06 11:41:56,477 [edu.skidmore.cs376b.junitdemo.sequencehunt.SequenceHuntGameModel] [main] (SequenceHuntGameModel.java:794) DEBUG edu.skidmore.cs376b.junitdemo.sequencehunt.SequenceHuntGameModel  - Resulting sequence length: 6
2016-10-06 11:41:56,478 [edu.skidmore.cs376b.junitdemo.sequencehunt.SequenceHuntGameModel] [main] (SequenceHuntGameModel.java:794) DEBUG edu.skidmore.cs376b.junitdemo.sequencehunt.SequenceHuntGameModel  - signalGameRestored latestStartupDate.getTime [1475768516478]
2016-10-06 11:41:56,497 [edu.skidmore.cs376b.junitdemo.sequencehunt.SequenceHuntGameModel] [main] (SequenceHuntGameModel.java:794) DEBUG edu.skidmore.cs376b.junitdemo.sequencehunt.SequenceHuntGameModel  - Requested sequence length: 0
2016-10-06 11:41:56,497 [edu.skidmore.cs376b.junitdemo.sequencehunt.SequenceHuntGameModel] [main] (SequenceHuntGameModel.java:794) DEBUG edu.skidmore.cs376b.junitdemo.sequencehunt.SequenceHuntGameModel  - setSequenceLength, used supplied value: 6
2016-10-06 11:41:56,498 [edu.skidmore.cs376b.junitdemo.sequencehunt.SequenceHuntGameModel] [main] (SequenceHuntGameModel.java:794) DEBUG edu.skidmore.cs376b.junitdemo.sequencehunt.SequenceHuntGameModel  - Resulting sequence length: 6
2016-10-06 11:41:56,498 [edu.skidmore.cs376b.junitdemo.sequencehunt.SequenceHuntGameModel] [main] (SequenceHuntGameModel.java:794) DEBUG edu.skidmore.cs376b.junitdemo.sequencehunt.SequenceHuntGameModel  - signalGameEnd
2016-10-06 11:41:56,498 [edu.skidmore.cs376b.junitdemo.sequencehunt.SequenceHuntGameModel] [main] (SequenceHuntGameModel.java:794) DEBUG edu.skidmore.cs376b.junitdemo.sequencehunt.SequenceHuntGameModel  - signalGamePaused
2016-10-06 11:41:56,498 [edu.skidmore.cs376b.junitdemo.sequencehunt.SequenceHuntGameModel] [main] (SequenceHuntGameModel.java:794) DEBUG edu.skidmore.cs376b.junitdemo.sequencehunt.SequenceHuntGameModel  - signalGameRestored latestStartupDate.getTime [1475768516498]
2016-10-06 11:41:56,498 [edu.skidmore.cs376b.junitdemo.sequencehunt.SequenceHuntGameModel] [main] (SequenceHuntGameModel.java:794) DEBUG edu.skidmore.cs376b.junitdemo.sequencehunt.SequenceHuntGameModel  - getElapsedTime returning 0
2016-10-06 11:41:56,517 [edu.skidmore.cs376b.junitdemo.sequencehunt.SequenceHuntGameModel] [main] (SequenceHuntGameModel.java:794) DEBUG edu.skidmore.cs376b.junitdemo.sequencehunt.SequenceHuntGameModel  - Requested sequence length: 0
2016-10-06 11:41:56,517 [edu.skidmore.cs376b.junitdemo.sequencehunt.SequenceHuntGameModel] [main] (SequenceHuntGameModel.java:794) DEBUG edu.skidmore.cs376b.junitdemo.sequencehunt.SequenceHuntGameModel  - setSequenceLength, used supplied value: 6
2016-10-06 11:41:56,518 [edu.skidmore.cs376b.junitdemo.sequencehunt.SequenceHuntGameModel] [main] (SequenceHuntGameModel.java:794) DEBUG edu.skidmore.cs376b.junitdemo.sequencehunt.SequenceHuntGameModel  - Resulting sequence length: 6
2016-10-06 11:41:56,518 [edu.skidmore.cs376b.junitdemo.sequencehunt.SequenceHuntGameModel] [main] (SequenceHuntGameModel.java:794) DEBUG edu.skidmore.cs376b.junitdemo.sequencehunt.SequenceHuntGameModel  - addGuess color [3]
2016-10-06 11:41:56,518 [edu.skidmore.cs376b.junitdemo.sequencehunt.SequenceHuntGameModel] [main] (SequenceHuntGameModel.java:794) DEBUG edu.skidmore.cs376b.junitdemo.sequencehunt.SequenceHuntGameModel  - signalGameStart at 1475768516518
2016-10-06 11:41:56,518 [edu.skidmore.cs376b.junitdemo.sequencehunt.SequenceHuntGameModel] [main] (SequenceHuntGameModel.java:794) DEBUG edu.skidmore.cs376b.junitdemo.sequencehunt.SequenceHuntGameModel  - updateElapsedTime update start time [1475768516518] date.getTime [1475768516518] elapsedMS [0]
2016-10-06 11:41:56,518 [edu.skidmore.cs376b.junitdemo.sequencehunt.SequenceHuntGameModel] [main] (SequenceHuntGameModel.java:794) DEBUG edu.skidmore.cs376b.junitdemo.sequencehunt.SequenceHuntGameModel  - addGuess color [3]
2016-10-06 11:41:56,519 [edu.skidmore.cs376b.junitdemo.sequencehunt.SequenceHuntGameModel] [main] (SequenceHuntGameModel.java:794) DEBUG edu.skidmore.cs376b.junitdemo.sequencehunt.SequenceHuntGameModel  - updateElapsedTime update start time [1475768516519] date.getTime [1475768516519] elapsedMS [1]
2016-10-06 11:41:56,519 [edu.skidmore.cs376b.junitdemo.sequencehunt.SequenceHuntGameModel] [main] (SequenceHuntGameModel.java:794) DEBUG edu.skidmore.cs376b.junitdemo.sequencehunt.SequenceHuntGameModel  - addGuess color [3]
2016-10-06 11:41:56,519 [edu.skidmore.cs376b.junitdemo.sequencehunt.SequenceHuntGameModel] [main] (SequenceHuntGameModel.java:794) DEBUG edu.skidmore.cs376b.junitdemo.sequencehunt.SequenceHuntGameModel  - updateElapsedTime update start time [1475768516519] date.getTime [1475768516519] elapsedMS [1]
2016-10-06 11:41:56,519 [edu.skidmore.cs376b.junitdemo.sequencehunt.SequenceHuntGameModel] [main] (SequenceHuntGameModel.java:794) DEBUG edu.skidmore.cs376b.junitdemo.sequencehunt.SequenceHuntGameModel  - addGuess color [3]
2016-10-06 11:41:56,519 [edu.skidmore.cs376b.junitdemo.sequencehunt.SequenceHuntGameModel] [main] (SequenceHuntGameModel.java:794) DEBUG edu.skidmore.cs376b.junitdemo.sequencehunt.SequenceHuntGameModel  - updateElapsedTime update start time [1475768516519] date.getTime [1475768516519] elapsedMS [1]
2016-10-06 11:41:56,520 [edu.skidmore.cs376b.junitdemo.sequencehunt.SequenceHuntGameModel] [main] (SequenceHuntGameModel.java:794) DEBUG edu.skidmore.cs376b.junitdemo.sequencehunt.SequenceHuntGameModel  - addGuess color [3]
2016-10-06 11:41:56,520 [edu.skidmore.cs376b.junitdemo.sequencehunt.SequenceHuntGameModel] [main] (SequenceHuntGameModel.java:794) DEBUG edu.skidmore.cs376b.junitdemo.sequencehunt.SequenceHuntGameModel  - updateElapsedTime update start time [1475768516520] date.getTime [1475768516520] elapsedMS [2]
2016-10-06 11:41:56,520 [edu.skidmore.cs376b.junitdemo.sequencehunt.SequenceHuntGameModel] [main] (SequenceHuntGameModel.java:794) DEBUG edu.skidmore.cs376b.junitdemo.sequencehunt.SequenceHuntGameModel  - addGuess color [3]
2016-10-06 11:41:56,520 [edu.skidmore.cs376b.junitdemo.sequencehunt.SequenceHuntGameModel] [main] (SequenceHuntGameModel.java:794) DEBUG edu.skidmore.cs376b.junitdemo.sequencehunt.SequenceHuntGameModel  - updateElapsedTime update start time [1475768516520] date.getTime [1475768516520] elapsedMS [2]
2016-10-06 11:41:56,520 [edu.skidmore.cs376b.junitdemo.sequencehunt.SequenceHuntGameModel] [main] (SequenceHuntGameModel.java:794) DEBUG edu.skidmore.cs376b.junitdemo.sequencehunt.SequenceHuntGameModel  - addGuess color [3]
2016-10-06 11:41:56,521 [edu.skidmore.cs376b.junitdemo.sequencehunt.SequenceHuntGameModel] [main] (SequenceHuntGameModel.java:794) DEBUG edu.skidmore.cs376b.junitdemo.sequencehunt.SequenceHuntGameModel  - updateElapsedTime update start time [1475768516521] date.getTime [1475768516521] elapsedMS [3]
2016-10-06 11:41:56,537 [edu.skidmore.cs376b.junitdemo.sequencehunt.SequenceHuntGameModel] [main] (SequenceHuntGameModel.java:794) DEBUG edu.skidmore.cs376b.junitdemo.sequencehunt.SequenceHuntGameModel  - Requested sequence length: 0
2016-10-06 11:41:56,537 [edu.skidmore.cs376b.junitdemo.sequencehunt.SequenceHuntGameModel] [main] (SequenceHuntGameModel.java:794) DEBUG edu.skidmore.cs376b.junitdemo.sequencehunt.SequenceHuntGameModel  - setSequenceLength, used supplied value: 6
2016-10-06 11:41:56,537 [edu.skidmore.cs376b.junitdemo.sequencehunt.SequenceHuntGameModel] [main] (SequenceHuntGameModel.java:794) DEBUG edu.skidmore.cs376b.junitdemo.sequencehunt.SequenceHuntGameModel  - Resulting sequence length: 6
2016-10-06 11:41:56,557 [edu.skidmore.cs376b.junitdemo.sequencehunt.SequenceHuntGameModel] [main] (SequenceHuntGameModel.java:794) DEBUG edu.skidmore.cs376b.junitdemo.sequencehunt.SequenceHuntGameModel  - Requested sequence length: 0
2016-10-06 11:41:56,557 [edu.skidmore.cs376b.junitdemo.sequencehunt.SequenceHuntGameModel] [main] (SequenceHuntGameModel.java:794) DEBUG edu.skidmore.cs376b.junitdemo.sequencehunt.SequenceHuntGameModel  - setSequenceLength, used supplied value: 6
2016-10-06 11:41:56,558 [edu.skidmore.cs376b.junitdemo.sequencehunt.SequenceHuntGameModel] [main] (SequenceHuntGameModel.java:794) DEBUG edu.skidmore.cs376b.junitdemo.sequencehunt.SequenceHuntGameModel  - Resulting sequence length: 6
2016-10-06 11:41:56,577 [edu.skidmore.cs376b.junitdemo.sequencehunt.SequenceHuntGameModel] [main] (SequenceHuntGameModel.java:794) DEBUG edu.skidmore.cs376b.junitdemo.sequencehunt.SequenceHuntGameModel  - Requested sequence length: 0
2016-10-06 11:41:56,577 [edu.skidmore.cs376b.junitdemo.sequencehunt.SequenceHuntGameModel] [main] (SequenceHuntGameModel.java:794) DEBUG edu.skidmore.cs376b.junitdemo.sequencehunt.SequenceHuntGameModel  - setSequenceLength, used supplied value: 6
2016-10-06 11:41:56,578 [edu.skidmore.cs376b.junitdemo.sequencehunt.SequenceHuntGameModel] [main] (SequenceHuntGameModel.java:794) DEBUG edu.skidmore.cs376b.junitdemo.sequencehunt.SequenceHuntGameModel  - Resulting sequence length: 6
2016-10-06 11:41:56,578 [edu.skidmore.cs376b.junitdemo.sequencehunt.SequenceHuntGameModel] [main] (SequenceHuntGameModel.java:794) DEBUG edu.skidmore.cs376b.junitdemo.sequencehunt.SequenceHuntGameModel  - addGuess color [1]
2016-10-06 11:41:56,578 [edu.skidmore.cs376b.junitdemo.sequencehunt.SequenceHuntGameModel] [main] (SequenceHuntGameModel.java:794) DEBUG edu.skidmore.cs376b.junitdemo.sequencehunt.SequenceHuntGameModel  - signalGameStart at 1475768516578
2016-10-06 11:41:56,578 [edu.skidmore.cs376b.junitdemo.sequencehunt.SequenceHuntGameModel] [main] (SequenceHuntGameModel.java:794) DEBUG edu.skidmore.cs376b.junitdemo.sequencehunt.SequenceHuntGameModel  - updateElapsedTime update start time [1475768516578] date.getTime [1475768516578] elapsedMS [0]
2016-10-06 11:41:56,597 [edu.skidmore.cs376b.junitdemo.sequencehunt.SequenceHuntGameModel] [main] (SequenceHuntGameModel.java:794) DEBUG edu.skidmore.cs376b.junitdemo.sequencehunt.SequenceHuntGameModel  - Requested sequence length: 0
2016-10-06 11:41:56,597 [edu.skidmore.cs376b.junitdemo.sequencehunt.SequenceHuntGameModel] [main] (SequenceHuntGameModel.java:794) DEBUG edu.skidmore.cs376b.junitdemo.sequencehunt.SequenceHuntGameModel  - setSequenceLength, used supplied value: 6
2016-10-06 11:41:56,597 [edu.skidmore.cs376b.junitdemo.sequencehunt.SequenceHuntGameModel] [main] (SequenceHuntGameModel.java:794) DEBUG edu.skidmore.cs376b.junitdemo.sequencehunt.SequenceHuntGameModel  - Resulting sequence length: 6
]]></system-out>
  <system-err><![CDATA[]]></system-err>
</testsuite>
